{"/home/bugra/Documents/MiniProject/gdal3.js/src/allJsFunctions/application/gdal_rasterize.js": {"path":"/home/bugra/Documents/MiniProject/gdal3.js/src/allJsFunctions/application/gdal_rasterize.js","statementMap":{"0":{"start":{"line":30,"column":4},"end":{"line":58,"column":7}},"1":{"start":{"line":31,"column":23},"end":{"line":31,"column":42}},"2":{"start":{"line":32,"column":27},"end":{"line":32,"column":82}},"3":{"start":{"line":34,"column":28},"end":{"line":34,"column":54}},"4":{"start":{"line":35,"column":18},"end":{"line":35,"column":23}},"5":{"start":{"line":36,"column":8},"end":{"line":40,"column":9}},"6":{"start":{"line":37,"column":31},"end":{"line":37,"column":51}},"7":{"start":{"line":38,"column":27},"end":{"line":38,"column":53}},"8":{"start":{"line":39,"column":12},"end":{"line":39,"column":47}},"9":{"start":{"line":39,"column":24},"end":{"line":39,"column":47}},"10":{"start":{"line":42,"column":27},"end":{"line":42,"column":56}},"11":{"start":{"line":43,"column":25},"end":{"line":43,"column":61}},"12":{"start":{"line":44,"column":27},"end":{"line":44,"column":105}},"13":{"start":{"line":45,"column":8},"end":{"line":45,"column":59}},"14":{"start":{"line":46,"column":8},"end":{"line":46,"column":29}},"15":{"start":{"line":47,"column":8},"end":{"line":47,"column":44}},"16":{"start":{"line":49,"column":8},"end":{"line":57,"column":9}},"17":{"start":{"line":50,"column":26},"end":{"line":50,"column":40}},"18":{"start":{"line":51,"column":12},"end":{"line":51,"column":26}},"19":{"start":{"line":53,"column":12},"end":{"line":56,"column":15}}},"fnMap":{"0":{"name":"gdal_rasterize","decl":{"start":{"line":29,"column":24},"end":{"line":29,"column":38}},"loc":{"start":{"line":29,"column":62},"end":{"line":59,"column":1}},"line":29},"1":{"name":"(anonymous_1)","decl":{"start":{"line":30,"column":23},"end":{"line":30,"column":24}},"loc":{"start":{"line":30,"column":44},"end":{"line":58,"column":5}},"line":30}},"branchMap":{"0":{"loc":{"start":{"line":29,"column":48},"end":{"line":29,"column":60}},"type":"default-arg","locations":[{"start":{"line":29,"column":58},"end":{"line":29,"column":60}}],"line":29},"1":{"loc":{"start":{"line":36,"column":8},"end":{"line":40,"column":9}},"type":"if","locations":[{"start":{"line":36,"column":8},"end":{"line":40,"column":9}},{"start":{"line":36,"column":8},"end":{"line":40,"column":9}}],"line":36},"2":{"loc":{"start":{"line":39,"column":12},"end":{"line":39,"column":47}},"type":"if","locations":[{"start":{"line":39,"column":12},"end":{"line":39,"column":47}},{"start":{"line":39,"column":12},"end":{"line":39,"column":47}}],"line":39},"3":{"loc":{"start":{"line":49,"column":8},"end":{"line":57,"column":9}},"type":"if","locations":[{"start":{"line":49,"column":8},"end":{"line":57,"column":9}},{"start":{"line":49,"column":8},"end":{"line":57,"column":9}}],"line":49}},"s":{"0":2,"1":2,"2":2,"3":2,"4":2,"5":2,"6":2,"7":2,"8":2,"9":2,"10":2,"11":2,"12":2,"13":2,"14":2,"15":2,"16":2,"17":1,"18":1,"19":1},"f":{"0":2,"1":2},"b":{"0":[0],"1":[2,0],"2":[2,0],"3":[1,1]},"_coverageSchema":"1a1c01bbd47fc00a2c39e90264f33305004495a9","hash":"9d56de352cc126dbefed8d075a032ea042f90c77"}
,"/home/bugra/Documents/MiniProject/gdal3.js/src/allJsFunctions/application/gdal_translate.js": {"path":"/home/bugra/Documents/MiniProject/gdal3.js/src/allJsFunctions/application/gdal_translate.js","statementMap":{"0":{"start":{"line":30,"column":4},"end":{"line":58,"column":7}},"1":{"start":{"line":31,"column":23},"end":{"line":31,"column":42}},"2":{"start":{"line":32,"column":36},"end":{"line":32,"column":91}},"3":{"start":{"line":34,"column":28},"end":{"line":34,"column":54}},"4":{"start":{"line":35,"column":18},"end":{"line":35,"column":27}},"5":{"start":{"line":36,"column":8},"end":{"line":40,"column":9}},"6":{"start":{"line":37,"column":31},"end":{"line":37,"column":51}},"7":{"start":{"line":38,"column":27},"end":{"line":38,"column":53}},"8":{"start":{"line":39,"column":12},"end":{"line":39,"column":47}},"9":{"start":{"line":39,"column":24},"end":{"line":39,"column":47}},"10":{"start":{"line":42,"column":27},"end":{"line":42,"column":56}},"11":{"start":{"line":43,"column":25},"end":{"line":43,"column":61}},"12":{"start":{"line":44,"column":27},"end":{"line":44,"column":108}},"13":{"start":{"line":45,"column":8},"end":{"line":45,"column":68}},"14":{"start":{"line":46,"column":8},"end":{"line":46,"column":29}},"15":{"start":{"line":47,"column":8},"end":{"line":47,"column":44}},"16":{"start":{"line":49,"column":8},"end":{"line":57,"column":9}},"17":{"start":{"line":50,"column":26},"end":{"line":50,"column":40}},"18":{"start":{"line":51,"column":12},"end":{"line":51,"column":26}},"19":{"start":{"line":53,"column":12},"end":{"line":56,"column":15}}},"fnMap":{"0":{"name":"gdal_translate","decl":{"start":{"line":29,"column":24},"end":{"line":29,"column":38}},"loc":{"start":{"line":29,"column":62},"end":{"line":59,"column":1}},"line":29},"1":{"name":"(anonymous_1)","decl":{"start":{"line":30,"column":23},"end":{"line":30,"column":24}},"loc":{"start":{"line":30,"column":44},"end":{"line":58,"column":5}},"line":30}},"branchMap":{"0":{"loc":{"start":{"line":29,"column":48},"end":{"line":29,"column":60}},"type":"default-arg","locations":[{"start":{"line":29,"column":58},"end":{"line":29,"column":60}}],"line":29},"1":{"loc":{"start":{"line":36,"column":8},"end":{"line":40,"column":9}},"type":"if","locations":[{"start":{"line":36,"column":8},"end":{"line":40,"column":9}},{"start":{"line":36,"column":8},"end":{"line":40,"column":9}}],"line":36},"2":{"loc":{"start":{"line":39,"column":12},"end":{"line":39,"column":47}},"type":"if","locations":[{"start":{"line":39,"column":12},"end":{"line":39,"column":47}},{"start":{"line":39,"column":12},"end":{"line":39,"column":47}}],"line":39},"3":{"loc":{"start":{"line":49,"column":8},"end":{"line":57,"column":9}},"type":"if","locations":[{"start":{"line":49,"column":8},"end":{"line":57,"column":9}},{"start":{"line":49,"column":8},"end":{"line":57,"column":9}}],"line":49}},"s":{"0":123,"1":123,"2":123,"3":123,"4":123,"5":123,"6":122,"7":122,"8":122,"9":122,"10":123,"11":123,"12":123,"13":123,"14":123,"15":123,"16":123,"17":1,"18":1,"19":122},"f":{"0":123,"1":123},"b":{"0":[0],"1":[122,1],"2":[122,0],"3":[1,122]},"_coverageSchema":"1a1c01bbd47fc00a2c39e90264f33305004495a9","hash":"f8e32b18ba067fd117952e4c2717c5fa9cf5de81"}
,"/home/bugra/Documents/MiniProject/gdal3.js/src/allJsFunctions/application/gdaltransform.js": {"path":"/home/bugra/Documents/MiniProject/gdal3.js/src/allJsFunctions/application/gdaltransform.js","statementMap":{"0":{"start":{"line":29,"column":4},"end":{"line":119,"column":7}},"1":{"start":{"line":30,"column":24},"end":{"line":30,"column":65}},"2":{"start":{"line":30,"column":59},"end":{"line":30,"column":63}},"3":{"start":{"line":31,"column":24},"end":{"line":31,"column":65}},"4":{"start":{"line":31,"column":59},"end":{"line":31,"column":63}},"5":{"start":{"line":32,"column":24},"end":{"line":32,"column":70}},"6":{"start":{"line":32,"column":59},"end":{"line":32,"column":68}},"7":{"start":{"line":33,"column":29},"end":{"line":33,"column":101}},"8":{"start":{"line":34,"column":29},"end":{"line":34,"column":101}},"9":{"start":{"line":35,"column":29},"end":{"line":35,"column":101}},"10":{"start":{"line":36,"column":8},"end":{"line":36,"column":92}},"11":{"start":{"line":37,"column":8},"end":{"line":37,"column":92}},"12":{"start":{"line":38,"column":8},"end":{"line":38,"column":92}},"13":{"start":{"line":40,"column":23},"end":{"line":40,"column":28}},"14":{"start":{"line":41,"column":24},"end":{"line":41,"column":29}},"15":{"start":{"line":43,"column":25},"end":{"line":43,"column":27}},"16":{"start":{"line":44,"column":8},"end":{"line":83,"column":9}},"17":{"start":{"line":44,"column":21},"end":{"line":44,"column":22}},"18":{"start":{"line":45,"column":12},"end":{"line":82,"column":13}},"19":{"start":{"line":47,"column":20},"end":{"line":47,"column":27}},"20":{"start":{"line":48,"column":20},"end":{"line":48,"column":59}},"21":{"start":{"line":49,"column":20},"end":{"line":49,"column":26}},"22":{"start":{"line":51,"column":20},"end":{"line":51,"column":27}},"23":{"start":{"line":52,"column":20},"end":{"line":52,"column":59}},"24":{"start":{"line":53,"column":20},"end":{"line":53,"column":26}},"25":{"start":{"line":55,"column":20},"end":{"line":55,"column":27}},"26":{"start":{"line":56,"column":20},"end":{"line":56,"column":72}},"27":{"start":{"line":57,"column":20},"end":{"line":57,"column":26}},"28":{"start":{"line":59,"column":20},"end":{"line":59,"column":27}},"29":{"start":{"line":60,"column":20},"end":{"line":60,"column":65}},"30":{"start":{"line":61,"column":20},"end":{"line":61,"column":26}},"31":{"start":{"line":63,"column":20},"end":{"line":63,"column":52}},"32":{"start":{"line":64,"column":20},"end":{"line":64,"column":26}},"33":{"start":{"line":66,"column":20},"end":{"line":66,"column":48}},"34":{"start":{"line":67,"column":20},"end":{"line":67,"column":26}},"35":{"start":{"line":69,"column":20},"end":{"line":69,"column":57}},"36":{"start":{"line":70,"column":20},"end":{"line":70,"column":26}},"37":{"start":{"line":72,"column":20},"end":{"line":72,"column":36}},"38":{"start":{"line":73,"column":20},"end":{"line":73,"column":26}},"39":{"start":{"line":75,"column":20},"end":{"line":75,"column":27}},"40":{"start":{"line":76,"column":20},"end":{"line":76,"column":51}},"41":{"start":{"line":77,"column":20},"end":{"line":77,"column":26}},"42":{"start":{"line":79,"column":20},"end":{"line":79,"column":37}},"43":{"start":{"line":80,"column":20},"end":{"line":80,"column":26}},"44":{"start":{"line":85,"column":23},"end":{"line":85,"column":43}},"45":{"start":{"line":87,"column":30},"end":{"line":87,"column":100}},"46":{"start":{"line":88,"column":8},"end":{"line":90,"column":10}},"47":{"start":{"line":92,"column":32},"end":{"line":105,"column":9}},"48":{"start":{"line":107,"column":23},"end":{"line":107,"column":25}},"49":{"start":{"line":108,"column":8},"end":{"line":111,"column":9}},"50":{"start":{"line":108,"column":21},"end":{"line":108,"column":22}},"51":{"start":{"line":109,"column":12},"end":{"line":110,"column":100}},"52":{"start":{"line":109,"column":27},"end":{"line":109,"column":87}},"53":{"start":{"line":110,"column":17},"end":{"line":110,"column":100}},"54":{"start":{"line":112,"column":8},"end":{"line":112,"column":49}},"55":{"start":{"line":113,"column":8},"end":{"line":113,"column":49}},"56":{"start":{"line":114,"column":8},"end":{"line":114,"column":49}},"57":{"start":{"line":115,"column":8},"end":{"line":115,"column":29}},"58":{"start":{"line":116,"column":8},"end":{"line":116,"column":70}},"59":{"start":{"line":118,"column":8},"end":{"line":118,"column":24}}},"fnMap":{"0":{"name":"gdaltransform","decl":{"start":{"line":28,"column":24},"end":{"line":28,"column":37}},"loc":{"start":{"line":28,"column":55},"end":{"line":120,"column":1}},"line":28},"1":{"name":"(anonymous_1)","decl":{"start":{"line":29,"column":23},"end":{"line":29,"column":24}},"loc":{"start":{"line":29,"column":36},"end":{"line":119,"column":5}},"line":29},"2":{"name":"(anonymous_2)","decl":{"start":{"line":30,"column":52},"end":{"line":30,"column":53}},"loc":{"start":{"line":30,"column":59},"end":{"line":30,"column":63}},"line":30},"3":{"name":"(anonymous_3)","decl":{"start":{"line":31,"column":52},"end":{"line":31,"column":53}},"loc":{"start":{"line":31,"column":59},"end":{"line":31,"column":63}},"line":31},"4":{"name":"(anonymous_4)","decl":{"start":{"line":32,"column":52},"end":{"line":32,"column":53}},"loc":{"start":{"line":32,"column":59},"end":{"line":32,"column":68}},"line":32}},"branchMap":{"0":{"loc":{"start":{"line":32,"column":59},"end":{"line":32,"column":68}},"type":"binary-expr","locations":[{"start":{"line":32,"column":59},"end":{"line":32,"column":63}},{"start":{"line":32,"column":67},"end":{"line":32,"column":68}}],"line":32},"1":{"loc":{"start":{"line":45,"column":12},"end":{"line":82,"column":13}},"type":"switch","locations":[{"start":{"line":46,"column":16},"end":{"line":49,"column":26}},{"start":{"line":50,"column":16},"end":{"line":53,"column":26}},{"start":{"line":54,"column":16},"end":{"line":57,"column":26}},{"start":{"line":58,"column":16},"end":{"line":61,"column":26}},{"start":{"line":62,"column":16},"end":{"line":64,"column":26}},{"start":{"line":65,"column":16},"end":{"line":67,"column":26}},{"start":{"line":68,"column":16},"end":{"line":70,"column":26}},{"start":{"line":71,"column":16},"end":{"line":73,"column":26}},{"start":{"line":74,"column":16},"end":{"line":77,"column":26}},{"start":{"line":78,"column":16},"end":{"line":80,"column":26}},{"start":{"line":81,"column":16},"end":{"line":81,"column":24}}],"line":45},"2":{"loc":{"start":{"line":109,"column":12},"end":{"line":110,"column":100}},"type":"if","locations":[{"start":{"line":109,"column":12},"end":{"line":110,"column":100}},{"start":{"line":109,"column":12},"end":{"line":110,"column":100}}],"line":109}},"s":{"0":2,"1":2,"2":2,"3":2,"4":2,"5":2,"6":2,"7":2,"8":2,"9":2,"10":2,"11":2,"12":2,"13":2,"14":2,"15":2,"16":2,"17":2,"18":12,"19":2,"20":2,"21":2,"22":2,"23":2,"24":2,"25":1,"26":1,"27":1,"28":1,"29":1,"30":1,"31":1,"32":1,"33":1,"34":1,"35":1,"36":1,"37":1,"38":1,"39":1,"40":1,"41":1,"42":1,"43":1,"44":2,"45":2,"46":2,"47":2,"48":2,"49":2,"50":2,"51":2,"52":1,"53":1,"54":2,"55":2,"56":2,"57":2,"58":2,"59":2},"f":{"0":2,"1":2,"2":2,"3":2,"4":2},"b":{"0":[2,2],"1":[2,2,1,1,1,1,1,1,1,1,0],"2":[1,1]},"_coverageSchema":"1a1c01bbd47fc00a2c39e90264f33305004495a9","hash":"c505108aa5d882ec0a9c7e8351dbbffd87f8962c"}
,"/home/bugra/Documents/MiniProject/gdal3.js/src/allJsFunctions/application/gdalwarp.js": {"path":"/home/bugra/Documents/MiniProject/gdal3.js/src/allJsFunctions/application/gdalwarp.js","statementMap":{"0":{"start":{"line":31,"column":4},"end":{"line":62,"column":7}},"1":{"start":{"line":32,"column":23},"end":{"line":32,"column":42}},"2":{"start":{"line":33,"column":36},"end":{"line":33,"column":89}},"3":{"start":{"line":35,"column":28},"end":{"line":35,"column":59}},"4":{"start":{"line":36,"column":8},"end":{"line":36,"column":73}},"5":{"start":{"line":38,"column":28},"end":{"line":38,"column":54}},"6":{"start":{"line":39,"column":18},"end":{"line":39,"column":27}},"7":{"start":{"line":40,"column":8},"end":{"line":44,"column":9}},"8":{"start":{"line":41,"column":31},"end":{"line":41,"column":51}},"9":{"start":{"line":42,"column":27},"end":{"line":42,"column":53}},"10":{"start":{"line":43,"column":12},"end":{"line":43,"column":47}},"11":{"start":{"line":43,"column":24},"end":{"line":43,"column":47}},"12":{"start":{"line":46,"column":27},"end":{"line":46,"column":56}},"13":{"start":{"line":47,"column":25},"end":{"line":47,"column":61}},"14":{"start":{"line":48,"column":27},"end":{"line":48,"column":108}},"15":{"start":{"line":49,"column":8},"end":{"line":49,"column":66}},"16":{"start":{"line":50,"column":8},"end":{"line":50,"column":29}},"17":{"start":{"line":51,"column":8},"end":{"line":51,"column":44}},"18":{"start":{"line":53,"column":8},"end":{"line":61,"column":9}},"19":{"start":{"line":54,"column":26},"end":{"line":54,"column":40}},"20":{"start":{"line":55,"column":12},"end":{"line":55,"column":26}},"21":{"start":{"line":57,"column":12},"end":{"line":60,"column":15}}},"fnMap":{"0":{"name":"gdalwarp","decl":{"start":{"line":30,"column":24},"end":{"line":30,"column":32}},"loc":{"start":{"line":30,"column":56},"end":{"line":63,"column":1}},"line":30},"1":{"name":"(anonymous_1)","decl":{"start":{"line":31,"column":23},"end":{"line":31,"column":24}},"loc":{"start":{"line":31,"column":44},"end":{"line":62,"column":5}},"line":31}},"branchMap":{"0":{"loc":{"start":{"line":30,"column":42},"end":{"line":30,"column":54}},"type":"default-arg","locations":[{"start":{"line":30,"column":52},"end":{"line":30,"column":54}}],"line":30},"1":{"loc":{"start":{"line":40,"column":8},"end":{"line":44,"column":9}},"type":"if","locations":[{"start":{"line":40,"column":8},"end":{"line":44,"column":9}},{"start":{"line":40,"column":8},"end":{"line":44,"column":9}}],"line":40},"2":{"loc":{"start":{"line":43,"column":12},"end":{"line":43,"column":47}},"type":"if","locations":[{"start":{"line":43,"column":12},"end":{"line":43,"column":47}},{"start":{"line":43,"column":12},"end":{"line":43,"column":47}}],"line":43},"3":{"loc":{"start":{"line":53,"column":8},"end":{"line":61,"column":9}},"type":"if","locations":[{"start":{"line":53,"column":8},"end":{"line":61,"column":9}},{"start":{"line":53,"column":8},"end":{"line":61,"column":9}}],"line":53}},"s":{"0":2,"1":2,"2":2,"3":2,"4":2,"5":2,"6":2,"7":2,"8":1,"9":1,"10":1,"11":1,"12":2,"13":2,"14":2,"15":2,"16":2,"17":2,"18":2,"19":1,"20":1,"21":1},"f":{"0":2,"1":2},"b":{"0":[0],"1":[1,1],"2":[1,0],"3":[1,1]},"_coverageSchema":"1a1c01bbd47fc00a2c39e90264f33305004495a9","hash":"85ec8ef411d00862e24d72a988c9a2a8f5fa4fb9"}
,"/home/bugra/Documents/MiniProject/gdal3.js/src/allJsFunctions/application/ogr2ogr.js": {"path":"/home/bugra/Documents/MiniProject/gdal3.js/src/allJsFunctions/application/ogr2ogr.js","statementMap":{"0":{"start":{"line":33,"column":4},"end":{"line":67,"column":7}},"1":{"start":{"line":34,"column":23},"end":{"line":34,"column":42}},"2":{"start":{"line":35,"column":36},"end":{"line":35,"column":97}},"3":{"start":{"line":37,"column":28},"end":{"line":37,"column":59}},"4":{"start":{"line":38,"column":8},"end":{"line":38,"column":73}},"5":{"start":{"line":40,"column":28},"end":{"line":40,"column":53}},"6":{"start":{"line":41,"column":18},"end":{"line":41,"column":27}},"7":{"start":{"line":42,"column":8},"end":{"line":49,"column":9}},"8":{"start":{"line":43,"column":31},"end":{"line":43,"column":51}},"9":{"start":{"line":44,"column":27},"end":{"line":44,"column":53}},"10":{"start":{"line":45,"column":12},"end":{"line":48,"column":13}},"11":{"start":{"line":46,"column":16},"end":{"line":47,"column":44}},"12":{"start":{"line":46,"column":91},"end":{"line":46,"column":103}},"13":{"start":{"line":47,"column":21},"end":{"line":47,"column":44}},"14":{"start":{"line":51,"column":27},"end":{"line":51,"column":56}},"15":{"start":{"line":52,"column":25},"end":{"line":52,"column":61}},"16":{"start":{"line":53,"column":27},"end":{"line":53,"column":119}},"17":{"start":{"line":54,"column":8},"end":{"line":54,"column":74}},"18":{"start":{"line":55,"column":8},"end":{"line":55,"column":29}},"19":{"start":{"line":56,"column":8},"end":{"line":56,"column":44}},"20":{"start":{"line":58,"column":8},"end":{"line":66,"column":9}},"21":{"start":{"line":59,"column":26},"end":{"line":59,"column":40}},"22":{"start":{"line":60,"column":12},"end":{"line":60,"column":26}},"23":{"start":{"line":62,"column":12},"end":{"line":65,"column":15}}},"fnMap":{"0":{"name":"ogr2ogr","decl":{"start":{"line":32,"column":24},"end":{"line":32,"column":31}},"loc":{"start":{"line":32,"column":55},"end":{"line":68,"column":1}},"line":32},"1":{"name":"(anonymous_1)","decl":{"start":{"line":33,"column":23},"end":{"line":33,"column":24}},"loc":{"start":{"line":33,"column":44},"end":{"line":67,"column":5}},"line":33}},"branchMap":{"0":{"loc":{"start":{"line":32,"column":41},"end":{"line":32,"column":53}},"type":"default-arg","locations":[{"start":{"line":32,"column":51},"end":{"line":32,"column":53}}],"line":32},"1":{"loc":{"start":{"line":42,"column":8},"end":{"line":49,"column":9}},"type":"if","locations":[{"start":{"line":42,"column":8},"end":{"line":49,"column":9}},{"start":{"line":42,"column":8},"end":{"line":49,"column":9}}],"line":42},"2":{"loc":{"start":{"line":45,"column":12},"end":{"line":48,"column":13}},"type":"if","locations":[{"start":{"line":45,"column":12},"end":{"line":48,"column":13}},{"start":{"line":45,"column":12},"end":{"line":48,"column":13}}],"line":45},"3":{"loc":{"start":{"line":46,"column":16},"end":{"line":47,"column":44}},"type":"if","locations":[{"start":{"line":46,"column":16},"end":{"line":47,"column":44}},{"start":{"line":46,"column":16},"end":{"line":47,"column":44}}],"line":46},"4":{"loc":{"start":{"line":46,"column":20},"end":{"line":46,"column":89}},"type":"binary-expr","locations":[{"start":{"line":46,"column":20},"end":{"line":46,"column":49}},{"start":{"line":46,"column":53},"end":{"line":46,"column":89}}],"line":46},"5":{"loc":{"start":{"line":58,"column":8},"end":{"line":66,"column":9}},"type":"if","locations":[{"start":{"line":58,"column":8},"end":{"line":66,"column":9}},{"start":{"line":58,"column":8},"end":{"line":66,"column":9}}],"line":58}},"s":{"0":196,"1":196,"2":196,"3":196,"4":196,"5":196,"6":196,"7":196,"8":196,"9":196,"10":196,"11":195,"12":4,"13":191,"14":196,"15":196,"16":196,"17":196,"18":196,"19":196,"20":196,"21":1,"22":1,"23":195},"f":{"0":196,"1":196},"b":{"0":[0],"1":[196,0],"2":[195,1],"3":[4,191],"4":[195,8],"5":[1,195]},"_coverageSchema":"1a1c01bbd47fc00a2c39e90264f33305004495a9","hash":"501acb38396f6d57368b5ed1c959135e86c3199e"}
,"/home/bugra/Documents/MiniProject/gdal3.js/src/allJsFunctions/function/close.js": {"path":"/home/bugra/Documents/MiniProject/gdal3.js/src/allJsFunctions/function/close.js","statementMap":{"0":{"start":{"line":17,"column":4},"end":{"line":20,"column":7}},"1":{"start":{"line":18,"column":8},"end":{"line":18,"column":49}},"2":{"start":{"line":19,"column":8},"end":{"line":19,"column":18}}},"fnMap":{"0":{"name":"close","decl":{"start":{"line":16,"column":24},"end":{"line":16,"column":29}},"loc":{"start":{"line":16,"column":39},"end":{"line":21,"column":1}},"line":16},"1":{"name":"(anonymous_1)","decl":{"start":{"line":17,"column":23},"end":{"line":17,"column":24}},"loc":{"start":{"line":17,"column":36},"end":{"line":20,"column":5}},"line":17}},"branchMap":{},"s":{"0":1,"1":1,"2":1},"f":{"0":1,"1":1},"b":{},"_coverageSchema":"1a1c01bbd47fc00a2c39e90264f33305004495a9","hash":"12c37f9828548db66ebf98880f8b5c81f29c5976"}
,"/home/bugra/Documents/MiniProject/gdal3.js/src/allJsFunctions/function/getFileBytes.js": {"path":"/home/bugra/Documents/MiniProject/gdal3.js/src/allJsFunctions/function/getFileBytes.js","statementMap":{"0":{"start":{"line":28,"column":4},"end":{"line":43,"column":7}},"1":{"start":{"line":30,"column":8},"end":{"line":33,"column":9}},"2":{"start":{"line":31,"column":12},"end":{"line":31,"column":38}},"3":{"start":{"line":32,"column":12},"end":{"line":32,"column":19}},"4":{"start":{"line":35,"column":8},"end":{"line":39,"column":9}},"5":{"start":{"line":36,"column":12},"end":{"line":36,"column":34}},"6":{"start":{"line":38,"column":12},"end":{"line":38,"column":28}},"7":{"start":{"line":41,"column":22},"end":{"line":41,"column":84}},"8":{"start":{"line":42,"column":8},"end":{"line":42,"column":23}}},"fnMap":{"0":{"name":"getFileBytes","decl":{"start":{"line":27,"column":24},"end":{"line":27,"column":36}},"loc":{"start":{"line":27,"column":47},"end":{"line":44,"column":1}},"line":27},"1":{"name":"(anonymous_1)","decl":{"start":{"line":28,"column":23},"end":{"line":28,"column":24}},"loc":{"start":{"line":28,"column":36},"end":{"line":43,"column":5}},"line":28}},"branchMap":{"0":{"loc":{"start":{"line":30,"column":8},"end":{"line":33,"column":9}},"type":"if","locations":[{"start":{"line":30,"column":8},"end":{"line":33,"column":9}},{"start":{"line":30,"column":8},"end":{"line":33,"column":9}}],"line":30},"1":{"loc":{"start":{"line":35,"column":8},"end":{"line":39,"column":9}},"type":"if","locations":[{"start":{"line":35,"column":8},"end":{"line":39,"column":9}},{"start":{"line":35,"column":8},"end":{"line":39,"column":9}}],"line":35}},"s":{"0":3,"1":3,"2":1,"3":1,"4":2,"5":1,"6":1,"7":2,"8":2},"f":{"0":3,"1":3},"b":{"0":[1,2],"1":[1,1]},"_coverageSchema":"1a1c01bbd47fc00a2c39e90264f33305004495a9","hash":"9fa969568b2d7507a7048151b50364a443eafcdf"}
,"/home/bugra/Documents/MiniProject/gdal3.js/src/allJsFunctions/function/getInfo.js": {"path":"/home/bugra/Documents/MiniProject/gdal3.js/src/allJsFunctions/function/getInfo.js","statementMap":{"0":{"start":{"line":70,"column":4},"end":{"line":138,"column":7}},"1":{"start":{"line":71,"column":26},"end":{"line":71,"column":75}},"2":{"start":{"line":72,"column":27},"end":{"line":72,"column":82}},"3":{"start":{"line":73,"column":8},"end":{"line":137,"column":9}},"4":{"start":{"line":74,"column":25},"end":{"line":74,"column":74}},"5":{"start":{"line":75,"column":25},"end":{"line":75,"column":74}},"6":{"start":{"line":76,"column":27},"end":{"line":76,"column":78}},"7":{"start":{"line":77,"column":31},"end":{"line":77,"column":95}},"8":{"start":{"line":78,"column":12},"end":{"line":78,"column":75}},"9":{"start":{"line":79,"column":33},"end":{"line":82,"column":13}},"10":{"start":{"line":83,"column":28},"end":{"line":88,"column":13}},"11":{"start":{"line":89,"column":31},"end":{"line":96,"column":14}},"12":{"start":{"line":90,"column":26},"end":{"line":90,"column":35}},"13":{"start":{"line":91,"column":26},"end":{"line":91,"column":35}},"14":{"start":{"line":92,"column":16},"end":{"line":95,"column":18}},"15":{"start":{"line":97,"column":30},"end":{"line":97,"column":81}},"16":{"start":{"line":98,"column":31},"end":{"line":98,"column":77}},"17":{"start":{"line":99,"column":27},"end":{"line":99,"column":72}},"18":{"start":{"line":100,"column":12},"end":{"line":110,"column":17}},"19":{"start":{"line":114,"column":27},"end":{"line":114,"column":29}},"20":{"start":{"line":115,"column":12},"end":{"line":123,"column":13}},"21":{"start":{"line":115,"column":25},"end":{"line":115,"column":26}},"22":{"start":{"line":116,"column":33},"end":{"line":116,"column":82}},"23":{"start":{"line":117,"column":34},"end":{"line":117,"column":71}},"24":{"start":{"line":118,"column":37},"end":{"line":118,"column":85}},"25":{"start":{"line":119,"column":16},"end":{"line":122,"column":19}},"26":{"start":{"line":124,"column":33},"end":{"line":124,"column":91}},"27":{"start":{"line":124,"column":63},"end":{"line":124,"column":87}},"28":{"start":{"line":126,"column":27},"end":{"line":126,"column":72}},"29":{"start":{"line":127,"column":30},"end":{"line":127,"column":81}},"30":{"start":{"line":128,"column":31},"end":{"line":128,"column":77}},"31":{"start":{"line":129,"column":12},"end":{"line":136,"column":15}}},"fnMap":{"0":{"name":"getInfo","decl":{"start":{"line":69,"column":24},"end":{"line":69,"column":31}},"loc":{"start":{"line":69,"column":41},"end":{"line":139,"column":1}},"line":69},"1":{"name":"(anonymous_1)","decl":{"start":{"line":70,"column":23},"end":{"line":70,"column":24}},"loc":{"start":{"line":70,"column":36},"end":{"line":138,"column":5}},"line":70},"2":{"name":"(anonymous_2)","decl":{"start":{"line":89,"column":43},"end":{"line":89,"column":44}},"loc":{"start":{"line":89,"column":55},"end":{"line":96,"column":13}},"line":89},"3":{"name":"(anonymous_3)","decl":{"start":{"line":124,"column":47},"end":{"line":124,"column":48}},"loc":{"start":{"line":124,"column":63},"end":{"line":124,"column":87}},"line":124}},"branchMap":{"0":{"loc":{"start":{"line":73,"column":8},"end":{"line":137,"column":9}},"type":"if","locations":[{"start":{"line":73,"column":8},"end":{"line":137,"column":9}},{"start":{"line":73,"column":8},"end":{"line":137,"column":9}}],"line":73},"1":{"loc":{"start":{"line":73,"column":12},"end":{"line":73,"column":45}},"type":"binary-expr","locations":[{"start":{"line":73,"column":12},"end":{"line":73,"column":25}},{"start":{"line":73,"column":29},"end":{"line":73,"column":45}}],"line":73}},"s":{"0":327,"1":327,"2":327,"3":327,"4":128,"5":128,"6":128,"7":128,"8":128,"9":128,"10":128,"11":128,"12":512,"13":512,"14":512,"15":128,"16":128,"17":128,"18":128,"19":199,"20":199,"21":199,"22":216,"23":216,"24":216,"25":216,"26":199,"27":216,"28":199,"29":199,"30":199,"31":199},"f":{"0":327,"1":327,"2":512,"3":216},"b":{"0":[128,199],"1":[327,131]},"_coverageSchema":"1a1c01bbd47fc00a2c39e90264f33305004495a9","hash":"c4cbc74057bfcc266ba6d4dfa816ba3023fb1dea"}
,"/home/bugra/Documents/MiniProject/gdal3.js/src/allJsFunctions/function/getOutputFiles.js": {"path":"/home/bugra/Documents/MiniProject/gdal3.js/src/allJsFunctions/function/getOutputFiles.js","statementMap":{"0":{"start":{"line":16,"column":4},"end":{"line":19,"column":7}},"1":{"start":{"line":17,"column":22},"end":{"line":17,"column":35}},"2":{"start":{"line":18,"column":8},"end":{"line":18,"column":23}}},"fnMap":{"0":{"name":"getOutputFiles","decl":{"start":{"line":15,"column":24},"end":{"line":15,"column":38}},"loc":{"start":{"line":15,"column":41},"end":{"line":20,"column":1}},"line":15},"1":{"name":"(anonymous_1)","decl":{"start":{"line":16,"column":23},"end":{"line":16,"column":24}},"loc":{"start":{"line":16,"column":36},"end":{"line":19,"column":5}},"line":16}},"branchMap":{},"s":{"0":1,"1":1,"2":1},"f":{"0":1,"1":1},"b":{},"_coverageSchema":"1a1c01bbd47fc00a2c39e90264f33305004495a9","hash":"eeb339ef86ebf93fc64fb14427ca8826f708be6f"}
,"/home/bugra/Documents/MiniProject/gdal3.js/src/allJsFunctions/function/open.js": {"path":"/home/bugra/Documents/MiniProject/gdal3.js/src/allJsFunctions/function/open.js","statementMap":{"0":{"start":{"line":50,"column":16},"end":{"line":50,"column":27}},"1":{"start":{"line":51,"column":4},"end":{"line":53,"column":5}},"2":{"start":{"line":52,"column":8},"end":{"line":52,"column":24}},"3":{"start":{"line":55,"column":4},"end":{"line":110,"column":7}},"4":{"start":{"line":56,"column":30},"end":{"line":56,"column":32}},"5":{"start":{"line":57,"column":30},"end":{"line":57,"column":32}},"6":{"start":{"line":58,"column":8},"end":{"line":66,"column":11}},"7":{"start":{"line":59,"column":12},"end":{"line":65,"column":13}},"8":{"start":{"line":62,"column":16},"end":{"line":62,"column":97}},"9":{"start":{"line":64,"column":16},"end":{"line":64,"column":41}},"10":{"start":{"line":67,"column":8},"end":{"line":109,"column":11}},"11":{"start":{"line":68,"column":33},"end":{"line":68,"column":76}},"12":{"start":{"line":69,"column":27},"end":{"line":69,"column":29}},"13":{"start":{"line":70,"column":12},"end":{"line":70,"column":42}},"14":{"start":{"line":71,"column":33},"end":{"line":71,"column":35}},"15":{"start":{"line":72,"column":12},"end":{"line":98,"column":13}},"16":{"start":{"line":72,"column":25},"end":{"line":72,"column":26}},"17":{"start":{"line":73,"column":29},"end":{"line":73,"column":49}},"18":{"start":{"line":74,"column":29},"end":{"line":74,"column":50}},"19":{"start":{"line":76,"column":16},"end":{"line":76,"column":65}},"20":{"start":{"line":76,"column":41},"end":{"line":76,"column":65}},"21":{"start":{"line":77,"column":16},"end":{"line":77,"column":57}},"22":{"start":{"line":77,"column":48},"end":{"line":77,"column":57}},"23":{"start":{"line":78,"column":16},"end":{"line":78,"column":47}},"24":{"start":{"line":80,"column":35},"end":{"line":80,"column":57}},"25":{"start":{"line":81,"column":16},"end":{"line":81,"column":85}},"26":{"start":{"line":81,"column":46},"end":{"line":81,"column":85}},"27":{"start":{"line":83,"column":35},"end":{"line":83,"column":73}},"28":{"start":{"line":84,"column":16},"end":{"line":89,"column":17}},"29":{"start":{"line":85,"column":34},"end":{"line":85,"column":48}},"30":{"start":{"line":86,"column":20},"end":{"line":86,"column":39}},"31":{"start":{"line":87,"column":20},"end":{"line":87,"column":46}},"32":{"start":{"line":88,"column":20},"end":{"line":88,"column":29}},"33":{"start":{"line":90,"column":16},"end":{"line":90,"column":56}},"34":{"start":{"line":91,"column":34},"end":{"line":91,"column":78}},"35":{"start":{"line":92,"column":35},"end":{"line":92,"column":85}},"36":{"start":{"line":93,"column":16},"end":{"line":97,"column":17}},"37":{"start":{"line":94,"column":20},"end":{"line":94,"column":55}},"38":{"start":{"line":96,"column":20},"end":{"line":96,"column":55}},"39":{"start":{"line":100,"column":29},"end":{"line":100,"column":56}},"40":{"start":{"line":104,"column":12},"end":{"line":108,"column":13}},"41":{"start":{"line":105,"column":16},"end":{"line":105,"column":46}},"42":{"start":{"line":107,"column":16},"end":{"line":107,"column":31}}},"fnMap":{"0":{"name":"open","decl":{"start":{"line":49,"column":24},"end":{"line":49,"column":28}},"loc":{"start":{"line":49,"column":42},"end":{"line":111,"column":1}},"line":49},"1":{"name":"(anonymous_1)","decl":{"start":{"line":55,"column":23},"end":{"line":55,"column":24}},"loc":{"start":{"line":55,"column":44},"end":{"line":110,"column":5}},"line":55},"2":{"name":"(anonymous_2)","decl":{"start":{"line":58,"column":27},"end":{"line":58,"column":28}},"loc":{"start":{"line":58,"column":37},"end":{"line":66,"column":9}},"line":58},"3":{"name":"(anonymous_3)","decl":{"start":{"line":67,"column":34},"end":{"line":67,"column":35}},"loc":{"start":{"line":67,"column":60},"end":{"line":109,"column":9}},"line":67}},"branchMap":{"0":{"loc":{"start":{"line":51,"column":4},"end":{"line":53,"column":5}},"type":"if","locations":[{"start":{"line":51,"column":4},"end":{"line":53,"column":5}},{"start":{"line":51,"column":4},"end":{"line":53,"column":5}}],"line":51},"1":{"loc":{"start":{"line":51,"column":10},"end":{"line":51,"column":95}},"type":"binary-expr","locations":[{"start":{"line":51,"column":10},"end":{"line":51,"column":30}},{"start":{"line":51,"column":35},"end":{"line":51,"column":65}},{"start":{"line":51,"column":69},"end":{"line":51,"column":94}}],"line":51},"2":{"loc":{"start":{"line":59,"column":12},"end":{"line":65,"column":13}},"type":"if","locations":[{"start":{"line":59,"column":12},"end":{"line":65,"column":13}},{"start":{"line":59,"column":12},"end":{"line":65,"column":13}}],"line":59},"3":{"loc":{"start":{"line":59,"column":16},"end":{"line":61,"column":13}},"type":"binary-expr","locations":[{"start":{"line":59,"column":17},"end":{"line":59,"column":41}},{"start":{"line":59,"column":45},"end":{"line":59,"column":67}},{"start":{"line":60,"column":16},"end":{"line":60,"column":72}},{"start":{"line":60,"column":76},"end":{"line":60,"column":134}}],"line":59},"4":{"loc":{"start":{"line":76,"column":16},"end":{"line":76,"column":65}},"type":"if","locations":[{"start":{"line":76,"column":16},"end":{"line":76,"column":65}},{"start":{"line":76,"column":16},"end":{"line":76,"column":65}}],"line":76},"5":{"loc":{"start":{"line":77,"column":16},"end":{"line":77,"column":57}},"type":"if","locations":[{"start":{"line":77,"column":16},"end":{"line":77,"column":57}},{"start":{"line":77,"column":16},"end":{"line":77,"column":57}}],"line":77},"6":{"loc":{"start":{"line":81,"column":16},"end":{"line":81,"column":85}},"type":"if","locations":[{"start":{"line":81,"column":16},"end":{"line":81,"column":85}},{"start":{"line":81,"column":16},"end":{"line":81,"column":85}}],"line":81},"7":{"loc":{"start":{"line":84,"column":16},"end":{"line":89,"column":17}},"type":"if","locations":[{"start":{"line":84,"column":16},"end":{"line":89,"column":17}},{"start":{"line":84,"column":16},"end":{"line":89,"column":17}}],"line":84},"8":{"loc":{"start":{"line":84,"column":20},"end":{"line":84,"column":79}},"type":"binary-expr","locations":[{"start":{"line":84,"column":20},"end":{"line":84,"column":59}},{"start":{"line":84,"column":63},"end":{"line":84,"column":79}}],"line":84},"9":{"loc":{"start":{"line":93,"column":16},"end":{"line":97,"column":17}},"type":"if","locations":[{"start":{"line":93,"column":16},"end":{"line":97,"column":17}},{"start":{"line":93,"column":16},"end":{"line":97,"column":17}}],"line":93},"10":{"loc":{"start":{"line":93,"column":20},"end":{"line":93,"column":53}},"type":"binary-expr","locations":[{"start":{"line":93,"column":20},"end":{"line":93,"column":33}},{"start":{"line":93,"column":37},"end":{"line":93,"column":53}}],"line":93},"11":{"loc":{"start":{"line":104,"column":12},"end":{"line":108,"column":13}},"type":"if","locations":[{"start":{"line":104,"column":12},"end":{"line":108,"column":13}},{"start":{"line":104,"column":12},"end":{"line":108,"column":13}}],"line":104},"12":{"loc":{"start":{"line":104,"column":16},"end":{"line":104,"column":58}},"type":"binary-expr","locations":[{"start":{"line":104,"column":16},"end":{"line":104,"column":35}},{"start":{"line":104,"column":39},"end":{"line":104,"column":58}}],"line":104}},"s":{"0":553,"1":553,"2":552,"3":553,"4":553,"5":553,"6":553,"7":554,"8":2,"9":552,"10":553,"11":553,"12":553,"13":553,"14":553,"15":553,"16":553,"17":554,"18":554,"19":554,"20":553,"21":554,"22":1,"23":553,"24":553,"25":553,"26":2,"27":553,"28":553,"29":2,"30":2,"31":2,"32":2,"33":551,"34":551,"35":551,"36":551,"37":250,"38":301,"39":553,"40":553,"41":551,"42":2},"f":{"0":553,"1":553,"2":554,"3":553},"b":{"0":[552,1],"1":[553,552,0],"2":[2,552],"3":[554,0,554,554],"4":[553,1],"5":[1,553],"6":[2,551],"7":[2,551],"8":[553,553],"9":[250,301],"10":[551,253],"11":[551,2],"12":[553,2]},"_coverageSchema":"1a1c01bbd47fc00a2c39e90264f33305004495a9","hash":"b3097e8d8f767248ce297522ad5319edf41da22f"}
}
